<?xml version="1.0" encoding="UTF-8"?>
<!-- Generated by org.testng.reporters.JUnitReportReporter -->
<testsuite hostname="Jaimin-PC" failures="0" tests="3" name="com.amazon.qa.testcases.LoginPageTest" time="11.577" errors="0" timestamp="2022-09-03T12:36:22 EDT" skipped="0">
  <testcase classname="com.amazon.qa.testcases.LoginPageTest" name="loginPageTitleTest" time="3.042"/>
  <system-out/>
  <testcase classname="com.amazon.qa.testcases.LoginPageTest" name="amzLogoTest" time="4.116"/>
  <system-out/>
  <testcase classname="com.amazon.qa.testcases.LoginPageTest" name="loginTest" time="4.419"/>
  <system-out/>
</testsuite> <!-- com.amazon.qa.testcases.LoginPageTest -->
